<?xml version="1.0" encoding="UTF-8"?>
<coverage generated="1715196491">
  <project timestamp="1715196491">
    <file name="D:\www\htdocs\laravel-tactical-time-helper\src\spresnac\tacticaltimehelper\Repositories\TacticalTimeRepository.php">
      <class name="spresnac\tacticaltimehelper\Repositories\TacticalTimeRepository" namespace="global">
        <metrics complexity="2" methods="2" coveredmethods="2" conditionals="0" coveredconditionals="0" statements="3" coveredstatements="3" elements="5" coveredelements="5"/>
      </class>
      <line num="9" type="method" name="toTacticalTime" visibility="public" complexity="1" crap="1" count="1"/>
      <line num="11" type="stmt" count="1"/>
      <line num="14" type="method" name="fromTacticalTime" visibility="public" complexity="1" crap="1" count="1"/>
      <line num="16" type="stmt" count="1"/>
      <line num="17" type="stmt" count="1"/>
      <metrics loc="20" ncloc="20" classes="1" methods="2" coveredmethods="2" conditionals="0" coveredconditionals="0" statements="3" coveredstatements="3" elements="5" coveredelements="5"/>
    </file>
    <file name="D:\www\htdocs\laravel-tactical-time-helper\src\spresnac\tacticaltimehelper\Rules\TacticalTime.php">
      <class name="spresnac\tacticaltimehelper\Rules\TacticalTime" namespace="global">
        <metrics complexity="2" methods="1" coveredmethods="1" conditionals="0" coveredconditionals="0" statements="6" coveredstatements="6" elements="7" coveredelements="7"/>
      </class>
      <line num="16" type="method" name="validate" visibility="public" complexity="2" crap="2" count="6"/>
      <line num="18" type="stmt" count="6"/>
      <line num="19" type="stmt" count="6"/>
      <line num="20" type="stmt" count="6"/>
      <line num="21" type="stmt" count="6"/>
      <line num="22" type="stmt" count="6"/>
      <line num="23" type="stmt" count="4"/>
      <metrics loc="27" ncloc="22" classes="1" methods="1" coveredmethods="1" conditionals="0" coveredconditionals="0" statements="6" coveredstatements="6" elements="7" coveredelements="7"/>
    </file>
    <metrics files="2" loc="47" ncloc="42" classes="2" methods="3" coveredmethods="3" conditionals="0" coveredconditionals="0" statements="9" coveredstatements="9" elements="12" coveredelements="12"/>
  </project>
</coverage>
